{"contracts/ERC20AcsessControl.sol":{"l":{"13":0,"17":0,"21":0,"26":0,"27":0,"29":0},"path":"/home/nikita/WebstormProjects/untitled1/contracts/ERC20AcsessControl.sol","s":{"1":0,"2":0,"3":0,"4":0,"5":0,"6":0},"b":{},"f":{"1":0,"2":0,"3":0,"4":0},"fnMap":{"1":{"name":"constructor","line":12,"loc":{"start":{"line":12,"column":4},"end":{"line":14,"column":4}}},"2":{"name":"promoteMinter","line":16,"loc":{"start":{"line":16,"column":4},"end":{"line":18,"column":4}}},"3":{"name":"remoteMinter","line":20,"loc":{"start":{"line":20,"column":4},"end":{"line":22,"column":4}}},"4":{"name":"mint","line":24,"loc":{"start":{"line":24,"column":4},"end":{"line":30,"column":4}}}},"statementMap":{"1":{"start":{"line":13,"column":8},"end":{"line":13,"column":49}},"2":{"start":{"line":17,"column":8},"end":{"line":17,"column":37}},"3":{"start":{"line":21,"column":8},"end":{"line":21,"column":38}},"4":{"start":{"line":26,"column":8},"end":{"line":26,"column":29}},"5":{"start":{"line":27,"column":8},"end":{"line":27,"column":36}},"6":{"start":{"line":29,"column":8},"end":{"line":29,"column":52}}},"branchMap":{}},"contracts/ERC20Base.sol":{"l":{"26":3,"27":3,"31":0,"35":0,"39":0,"41":0,"42":0,"44":0,"46":0,"50":0,"52":0,"54":0,"58":0,"62":0,"63":0,"65":0,"66":0,"67":0,"69":0,"70":0},"path":"/home/nikita/WebstormProjects/untitled1/contracts/ERC20Base.sol","s":{"1":3,"2":3,"3":0,"4":0,"5":0,"6":0,"7":0,"8":0,"9":0,"10":0,"11":0,"12":0,"13":0,"14":0,"15":0,"16":0,"17":0,"18":0,"19":0,"20":0},"b":{"1":[0,0],"2":[0,0],"3":[0,0]},"f":{"1":3,"2":0,"3":0,"4":0,"5":0,"6":0,"7":0},"fnMap":{"1":{"name":"constructor","line":25,"loc":{"start":{"line":25,"column":4},"end":{"line":28,"column":4}}},"2":{"name":"totalSupply","line":30,"loc":{"start":{"line":30,"column":4},"end":{"line":32,"column":4}}},"3":{"name":"balanceOf","line":34,"loc":{"start":{"line":34,"column":4},"end":{"line":36,"column":4}}},"4":{"name":"transfer","line":38,"loc":{"start":{"line":38,"column":4},"end":{"line":47,"column":4}}},"5":{"name":"approve","line":49,"loc":{"start":{"line":49,"column":4},"end":{"line":55,"column":4}}},"6":{"name":"allowance","line":57,"loc":{"start":{"line":57,"column":4},"end":{"line":59,"column":4}}},"7":{"name":"transferFrom","line":61,"loc":{"start":{"line":61,"column":4},"end":{"line":71,"column":4}}}},"statementMap":{"1":{"start":{"line":26,"column":8},"end":{"line":26,"column":27}},"2":{"start":{"line":27,"column":8},"end":{"line":27,"column":42}},"3":{"start":{"line":31,"column":8},"end":{"line":31,"column":27}},"4":{"start":{"line":35,"column":8},"end":{"line":35,"column":32}},"5":{"start":{"line":39,"column":8},"end":{"line":39,"column":46}},"6":{"start":{"line":41,"column":8},"end":{"line":41,"column":36}},"7":{"start":{"line":42,"column":8},"end":{"line":42,"column":35}},"8":{"start":{"line":44,"column":8},"end":{"line":44,"column":52}},"9":{"start":{"line":46,"column":8},"end":{"line":46,"column":19}},"10":{"start":{"line":50,"column":8},"end":{"line":50,"column":44}},"11":{"start":{"line":52,"column":8},"end":{"line":52,"column":50}},"12":{"start":{"line":54,"column":8},"end":{"line":54,"column":19}},"13":{"start":{"line":58,"column":8},"end":{"line":58,"column":38}},"14":{"start":{"line":62,"column":8},"end":{"line":62,"column":42}},"15":{"start":{"line":63,"column":8},"end":{"line":63,"column":53}},"16":{"start":{"line":65,"column":8},"end":{"line":65,"column":32}},"17":{"start":{"line":66,"column":8},"end":{"line":66,"column":43}},"18":{"start":{"line":67,"column":8},"end":{"line":67,"column":35}},"19":{"start":{"line":69,"column":8},"end":{"line":69,"column":48}},"20":{"start":{"line":70,"column":8},"end":{"line":70,"column":19}}},"branchMap":{"1":{"line":39,"type":"if","locations":[{"start":{"line":39,"column":8},"end":{"line":39,"column":8}},{"start":{"line":39,"column":8},"end":{"line":39,"column":8}}]},"2":{"line":62,"type":"if","locations":[{"start":{"line":62,"column":8},"end":{"line":62,"column":8}},{"start":{"line":62,"column":8},"end":{"line":62,"column":8}}]},"3":{"line":63,"type":"if","locations":[{"start":{"line":63,"column":8},"end":{"line":63,"column":8}},{"start":{"line":63,"column":8},"end":{"line":63,"column":8}}]}}},"contracts/ERC20Minit.sol":{"l":{"11":0,"12":0,"13":0,"17":0,"19":0,"20":0,"22":0},"path":"/home/nikita/WebstormProjects/untitled1/contracts/ERC20Minit.sol","s":{"1":0,"2":0,"3":0,"4":0,"5":0,"6":0,"7":0},"b":{"1":[0,0]},"f":{"1":0,"2":0},"fnMap":{"1":{"name":"constructor","line":10,"loc":{"start":{"line":10,"column":4},"end":{"line":14,"column":4}}},"2":{"name":"mint","line":16,"loc":{"start":{"line":16,"column":4},"end":{"line":23,"column":4}}}},"statementMap":{"1":{"start":{"line":11,"column":8},"end":{"line":11,"column":25}},"2":{"start":{"line":12,"column":8},"end":{"line":12,"column":37}},"3":{"start":{"line":13,"column":8},"end":{"line":13,"column":39}},"4":{"start":{"line":17,"column":8},"end":{"line":17,"column":35}},"5":{"start":{"line":19,"column":8},"end":{"line":19,"column":29}},"6":{"start":{"line":20,"column":8},"end":{"line":20,"column":36}},"7":{"start":{"line":22,"column":8},"end":{"line":22,"column":52}}},"branchMap":{"1":{"line":17,"type":"if","locations":[{"start":{"line":17,"column":8},"end":{"line":17,"column":8}},{"start":{"line":17,"column":8},"end":{"line":17,"column":8}}]}}},"contracts/ERC20Ownable.sol":{"l":{"10":0,"11":0,"13":0},"path":"/home/nikita/WebstormProjects/untitled1/contracts/ERC20Ownable.sol","s":{"1":0,"2":0,"3":0},"b":{},"f":{"1":0},"fnMap":{"1":{"name":"mint","line":9,"loc":{"start":{"line":9,"column":4},"end":{"line":14,"column":4}}}},"statementMap":{"1":{"start":{"line":10,"column":8},"end":{"line":10,"column":29}},"2":{"start":{"line":11,"column":8},"end":{"line":11,"column":36}},"3":{"start":{"line":13,"column":8},"end":{"line":13,"column":52}}},"branchMap":{}}}