{"contracts/ERC20AC.sol":{"l":{"14":6,"18":2,"22":1,"26":1,"28":1,"30":1},"path":"/home/nikita/erc/gg/erc20/contracts/ERC20AC.sol","s":{"1":6,"2":2,"3":1,"4":1,"5":1,"6":1},"b":{},"f":{"1":6,"2":2,"3":1,"4":1},"fnMap":{"1":{"name":"constructor","line":13,"loc":{"start":{"line":13,"column":4},"end":{"line":15,"column":4}}},"2":{"name":"promoteMinter","line":17,"loc":{"start":{"line":17,"column":4},"end":{"line":19,"column":4}}},"3":{"name":"remoteMinter","line":21,"loc":{"start":{"line":21,"column":4},"end":{"line":23,"column":4}}},"4":{"name":"mint","line":25,"loc":{"start":{"line":25,"column":4},"end":{"line":31,"column":4}}}},"statementMap":{"1":{"start":{"line":14,"column":8},"end":{"line":14,"column":49}},"2":{"start":{"line":18,"column":8},"end":{"line":18,"column":37}},"3":{"start":{"line":22,"column":8},"end":{"line":22,"column":38}},"4":{"start":{"line":26,"column":8},"end":{"line":26,"column":29}},"5":{"start":{"line":28,"column":8},"end":{"line":28,"column":36}},"6":{"start":{"line":30,"column":8},"end":{"line":30,"column":52}}},"branchMap":{}},"contracts/ERC20Base.sol":{"l":{"28":36,"29":36,"33":1,"37":17,"41":2,"43":1,"44":1,"46":1,"48":1,"52":3,"54":3,"56":3,"60":1,"64":3,"65":2,"67":1,"68":1,"69":1,"71":1,"73":1},"path":"/home/nikita/erc/gg/erc20/contracts/ERC20Base.sol","s":{"1":36,"2":36,"3":1,"4":17,"5":2,"6":1,"7":1,"8":1,"9":1,"10":3,"11":3,"12":3,"13":1,"14":3,"15":2,"16":1,"17":1,"18":1,"19":1,"20":1},"b":{"1":[1,1],"2":[2,1],"3":[1,1]},"f":{"1":36,"2":1,"3":17,"4":2,"5":3,"6":1,"7":3},"fnMap":{"1":{"name":"constructor","line":27,"loc":{"start":{"line":27,"column":4},"end":{"line":30,"column":4}}},"2":{"name":"totalSupply","line":32,"loc":{"start":{"line":32,"column":4},"end":{"line":34,"column":4}}},"3":{"name":"balanceOf","line":36,"loc":{"start":{"line":36,"column":4},"end":{"line":38,"column":4}}},"4":{"name":"transfer","line":40,"loc":{"start":{"line":40,"column":4},"end":{"line":49,"column":4}}},"5":{"name":"approve","line":51,"loc":{"start":{"line":51,"column":4},"end":{"line":57,"column":4}}},"6":{"name":"allowance","line":59,"loc":{"start":{"line":59,"column":4},"end":{"line":61,"column":4}}},"7":{"name":"transferFrom","line":63,"loc":{"start":{"line":63,"column":4},"end":{"line":74,"column":4}}}},"statementMap":{"1":{"start":{"line":28,"column":8},"end":{"line":28,"column":27}},"2":{"start":{"line":29,"column":8},"end":{"line":29,"column":42}},"3":{"start":{"line":33,"column":8},"end":{"line":33,"column":27}},"4":{"start":{"line":37,"column":8},"end":{"line":37,"column":32}},"5":{"start":{"line":41,"column":8},"end":{"line":41,"column":79}},"6":{"start":{"line":43,"column":8},"end":{"line":43,"column":37}},"7":{"start":{"line":44,"column":8},"end":{"line":44,"column":36}},"8":{"start":{"line":46,"column":8},"end":{"line":46,"column":52}},"9":{"start":{"line":48,"column":8},"end":{"line":48,"column":19}},"10":{"start":{"line":52,"column":8},"end":{"line":52,"column":44}},"11":{"start":{"line":54,"column":8},"end":{"line":54,"column":50}},"12":{"start":{"line":56,"column":8},"end":{"line":56,"column":19}},"13":{"start":{"line":60,"column":8},"end":{"line":60,"column":38}},"14":{"start":{"line":64,"column":8},"end":{"line":64,"column":75}},"15":{"start":{"line":65,"column":8},"end":{"line":65,"column":79}},"16":{"start":{"line":67,"column":8},"end":{"line":67,"column":33}},"17":{"start":{"line":68,"column":8},"end":{"line":68,"column":44}},"18":{"start":{"line":69,"column":8},"end":{"line":69,"column":36}},"19":{"start":{"line":71,"column":8},"end":{"line":71,"column":48}},"20":{"start":{"line":73,"column":8},"end":{"line":73,"column":19}}},"branchMap":{"1":{"line":41,"type":"if","locations":[{"start":{"line":41,"column":8},"end":{"line":41,"column":8}},{"start":{"line":41,"column":8},"end":{"line":41,"column":8}}]},"2":{"line":64,"type":"if","locations":[{"start":{"line":64,"column":8},"end":{"line":64,"column":8}},{"start":{"line":64,"column":8},"end":{"line":64,"column":8}}]},"3":{"line":65,"type":"if","locations":[{"start":{"line":65,"column":8},"end":{"line":65,"column":8}},{"start":{"line":65,"column":8},"end":{"line":65,"column":8}}]}}},"contracts/ERC20Mint.sol":{"l":{"11":3,"15":1,"17":1,"18":1,"20":1},"path":"/home/nikita/erc/gg/erc20/contracts/ERC20Mint.sol","s":{"1":3,"2":1,"3":1,"4":1,"5":1},"b":{"1":[1,0]},"f":{"1":3,"2":1},"fnMap":{"1":{"name":"constructor","line":10,"loc":{"start":{"line":10,"column":4},"end":{"line":12,"column":4}}},"2":{"name":"mint","line":14,"loc":{"start":{"line":14,"column":4},"end":{"line":21,"column":4}}}},"statementMap":{"1":{"start":{"line":11,"column":8},"end":{"line":11,"column":25}},"2":{"start":{"line":15,"column":8},"end":{"line":15,"column":58}},"3":{"start":{"line":17,"column":8},"end":{"line":17,"column":29}},"4":{"start":{"line":18,"column":8},"end":{"line":18,"column":36}},"5":{"start":{"line":20,"column":8},"end":{"line":20,"column":52}}},"branchMap":{"1":{"line":15,"type":"if","locations":[{"start":{"line":15,"column":8},"end":{"line":15,"column":8}},{"start":{"line":15,"column":8},"end":{"line":15,"column":8}}]}}},"contracts/ERC20own.sol":{"l":{"13":1,"14":1,"15":1},"path":"/home/nikita/erc/gg/erc20/contracts/ERC20own.sol","s":{"1":1,"2":1,"3":1},"b":{},"f":{"1":3,"2":1},"fnMap":{"1":{"name":"constructor","line":9,"loc":{"start":{"line":9,"column":4},"end":{"line":10,"column":4}}},"2":{"name":"mint","line":12,"loc":{"start":{"line":12,"column":4},"end":{"line":16,"column":4}}}},"statementMap":{"1":{"start":{"line":13,"column":8},"end":{"line":13,"column":29}},"2":{"start":{"line":14,"column":8},"end":{"line":14,"column":36}},"3":{"start":{"line":15,"column":8},"end":{"line":15,"column":52}}},"branchMap":{}},"contracts/Greeter.sol":{"l":{"10":3,"11":3,"15":2,"19":1,"20":1},"path":"/home/nikita/erc/gg/erc20/contracts/Greeter.sol","s":{"1":3,"2":3,"3":2,"4":1,"5":1},"b":{},"f":{"1":3,"2":2,"3":1},"fnMap":{"1":{"name":"constructor","line":9,"loc":{"start":{"line":9,"column":4},"end":{"line":12,"column":4}}},"2":{"name":"greet","line":14,"loc":{"start":{"line":14,"column":4},"end":{"line":16,"column":4}}},"3":{"name":"setGreeting","line":18,"loc":{"start":{"line":18,"column":4},"end":{"line":21,"column":4}}}},"statementMap":{"1":{"start":{"line":10,"column":8},"end":{"line":10,"column":67}},"2":{"start":{"line":11,"column":8},"end":{"line":11,"column":27}},"3":{"start":{"line":15,"column":8},"end":{"line":15,"column":23}},"4":{"start":{"line":19,"column":8},"end":{"line":19,"column":78}},"5":{"start":{"line":20,"column":8},"end":{"line":20,"column":27}}},"branchMap":{}},"contracts/Migrations.sol":{"l":{"9":0,"13":0,"17":0},"path":"/home/nikita/erc/gg/erc20/contracts/Migrations.sol","s":{"1":0,"2":0},"b":{"1":[0,0]},"f":{"1":0,"2":0},"fnMap":{"1":{"name":"restricted","line":8,"loc":{"start":{"line":8,"column":2},"end":{"line":14,"column":2}}},"2":{"name":"setCompleted","line":16,"loc":{"start":{"line":16,"column":2},"end":{"line":18,"column":2}}}},"statementMap":{"1":{"start":{"line":9,"column":4},"end":{"line":9,"column":201}},"2":{"start":{"line":17,"column":4},"end":{"line":17,"column":39}}},"branchMap":{"1":{"line":9,"type":"if","locations":[{"start":{"line":9,"column":4},"end":{"line":9,"column":4}},{"start":{"line":9,"column":4},"end":{"line":9,"column":4}}]}}}}