{
"contracts/ERC20AcsessControl.sol":{"l":{"14":0,"18":0,"22":0,"26":0,"28":0,"30":0},"path":"/home/nikita/WebstormProjects/untitled1/contracts/ERC20AcsessControl.sol","s":{"1":0,"2":0,"3":0,"4":0,"5":0,"6":0},"b":{},"f":{"1":0,"2":0,"3":0,"4":0},"fnMap":{"1":{"name":"constructor","line":13,"loc":{"start":{"line":13,"column":4},"end":{"line":15,"column":4}}},"2":{"name":"promoteMinter","line":17,"loc":{"start":{"line":17,"column":4},"end":{"line":19,"column":4}}},"3":{"name":"remoteMinter","line":21,"loc":{"start":{"line":21,"column":4},"end":{"line":23,"column":4}}},"4":{"name":"mint","line":25,"loc":{"start":{"line":25,"column":4},"end":{"line":31,"column":4}}}},"statementMap":{"1":{"start":{"line":14,"column":8},"end":{"line":14,"column":49}},"2":{"start":{"line":18,"column":8},"end":{"line":18,"column":37}},"3":{"start":{"line":22,"column":8},"end":{"line":22,"column":38}},"4":{"start":{"line":26,"column":8},"end":{"line":26,"column":29}},"5":{"start":{"line":28,"column":8},"end":{"line":28,"column":36}},"6":{"start":{"line":30,"column":8},"end":{"line":30,"column":52}}},"branchMap":{}},
"contracts/ERC20Base.sol":{"l":{"28":0,"29":0,"33":0,"37":0,"41":0,"43":0,"44":0,"46":0,"48":0,"52":0,"54":0,"56":0,"60":0,"64":0,"65":0,"67":0,"68":0,"69":0,"71":0,"73":0},"path":"/home/nikita/WebstormProjects/untitled1/contracts/ERC20Base.sol","s":{"1":0,"2":0,"3":0,"4":0,"5":0,"6":0,"7":0,"8":0,"9":0,"10":0,"11":0,"12":0,"13":0,"14":0,"15":0,"16":0,"17":0,"18":0,"19":0,"20":0},"b":{"1":[0,0],"2":[0,0],"3":[0,0]},"f":{"1":0,"2":0,"3":0,"4":0,"5":0,"6":0,"7":0},"fnMap":{"1":{"name":"constructor","line":27,"loc":{"start":{"line":27,"column":4},"end":{"line":30,"column":4}}},"2":{"name":"totalSupply","line":32,"loc":{"start":{"line":32,"column":4},"end":{"line":34,"column":4}}},"3":{"name":"balanceOf","line":36,"loc":{"start":{"line":36,"column":4},"end":{"line":38,"column":4}}},"4":{"name":"transfer","line":40,"loc":{"start":{"line":40,"column":4},"end":{"line":49,"column":4}}},"5":{"name":"approve","line":51,"loc":{"start":{"line":51,"column":4},"end":{"line":57,"column":4}}},"6":{"name":"allowance","line":59,"loc":{"start":{"line":59,"column":4},"end":{"line":61,"column":4}}},"7":{"name":"transferFrom","line":63,"loc":{"start":{"line":63,"column":4},"end":{"line":74,"column":4}}}},"statementMap":{"1":{"start":{"line":28,"column":8},"end":{"line":28,"column":27}},"2":{"start":{"line":29,"column":8},"end":{"line":29,"column":42}},"3":{"start":{"line":33,"column":8},"end":{"line":33,"column":27}},"4":{"start":{"line":37,"column":8},"end":{"line":37,"column":32}},"5":{"start":{"line":41,"column":8},"end":{"line":41,"column":79}},"6":{"start":{"line":43,"column":8},"end":{"line":43,"column":37}},"7":{"start":{"line":44,"column":8},"end":{"line":44,"column":36}},"8":{"start":{"line":46,"column":8},"end":{"line":46,"column":52}},"9":{"start":{"line":48,"column":8},"end":{"line":48,"column":19}},"10":{"start":{"line":52,"column":8},"end":{"line":52,"column":44}},"11":{"start":{"line":54,"column":8},"end":{"line":54,"column":50}},"12":{"start":{"line":56,"column":8},"end":{"line":56,"column":19}},"13":{"start":{"line":60,"column":8},"end":{"line":60,"column":38}},"14":{"start":{"line":64,"column":8},"end":{"line":64,"column":75}},"15":{"start":{"line":65,"column":8},"end":{"line":65,"column":79}},"16":{"start":{"line":67,"column":8},"end":{"line":67,"column":33}},"17":{"start":{"line":68,"column":8},"end":{"line":68,"column":44}},"18":{"start":{"line":69,"column":8},"end":{"line":69,"column":36}},"19":{"start":{"line":71,"column":8},"end":{"line":71,"column":48}},"20":{"start":{"line":73,"column":8},"end":{"line":73,"column":19}}},"branchMap":{"1":{"line":41,"type":"if","locations":[{"start":{"line":41,"column":8},"end":{"line":41,"column":8}},{"start":{"line":41,"column":8},"end":{"line":41,"column":8}}]},"2":{"line":64,"type":"if","locations":[{"start":{"line":64,"column":8},"end":{"line":64,"column":8}},{"start":{"line":64,"column":8},"end":{"line":64,"column":8}}]},"3":{"line":65,"type":"if","locations":[{"start":{"line":65,"column":8},"end":{"line":65,"column":8}},{"start":{"line":65,"column":8},"end":{"line":65,"column":8}}]}}},
"contracts/ERC20Minit.sol":{"l":{"11":0,"15":0,"17":0,"18":0,"20":0},"path":"/home/nikita/WebstormProjects/untitled1/contracts/ERC20Minit.sol","s":{"1":0,"2":0,"3":0,"4":0,"5":0},"b":{"1":[0,0]},"f":{"1":0,"2":0},"fnMap":{"1":{"name":"constructor","line":10,"loc":{"start":{"line":10,"column":4},"end":{"line":12,"column":4}}},"2":{"name":"mint","line":14,"loc":{"start":{"line":14,"column":4},"end":{"line":21,"column":4}}}},"statementMap":{"1":{"start":{"line":11,"column":8},"end":{"line":11,"column":25}},"2":{"start":{"line":15,"column":8},"end":{"line":15,"column":58}},"3":{"start":{"line":17,"column":8},"end":{"line":17,"column":29}},"4":{"start":{"line":18,"column":8},"end":{"line":18,"column":36}},"5":{"start":{"line":20,"column":8},"end":{"line":20,"column":52}}},"branchMap":{"1":{"line":15,"type":"if","locations":[{"start":{"line":15,"column":8},"end":{"line":15,"column":8}},{"start":{"line":15,"column":8},"end":{"line":15,"column":8}}]}}},
"contracts/ERC20Ownable.sol":{"l":{"12":0,"13":0,"14":0},"path":"/home/nikita/WebstormProjects/untitled1/contracts/ERC20Ownable.sol","s":{"1":0,"2":0,"3":0},"b":{},"f":{"1":0,"2":0},"fnMap":{"1":{"name":"constructor","line":9,"loc":{"start":{"line":9,"column":4},"end":{"line":10,"column":4}}},"2":{"name":"mint","line":11,"loc":{"start":{"line":11,"column":4},"end":{"line":15,"column":4}}}},"statementMap":{"1":{"start":{"line":12,"column":8},"end":{"line":12,"column":29}},"2":{"start":{"line":13,"column":8},"end":{"line":13,"column":36}},"3":{"start":{"line":14,"column":8},"end":{"line":14,"column":52}}},"branchMap":{}}}
