TN:
SF:/home/nikita/WebstormProjects/untitled1/contracts/ERC20AcsessControl.sol
FN:12,constructor
FN:16,promoteMinter
FN:20,remoteMinter
FN:24,mint
FNF:4
FNH:0
FNDA:0,constructor
FNDA:0,promoteMinter
FNDA:0,remoteMinter
FNDA:0,mint
DA:13,0
DA:17,0
DA:21,0
DA:26,0
DA:27,0
DA:29,0
LF:6
LH:0
BRF:0
BRH:0
end_of_record
TN:
SF:/home/nikita/WebstormProjects/untitled1/contracts/ERC20Base.sol
FN:25,constructor
FN:30,totalSupply
FN:34,balanceOf
FN:38,transfer
FN:49,approve
FN:57,allowance
FN:61,transferFrom
FNF:7
FNH:0
FNDA:0,constructor
FNDA:0,totalSupply
FNDA:0,balanceOf
FNDA:0,transfer
FNDA:0,approve
FNDA:0,allowance
FNDA:0,transferFrom
DA:26,0
DA:27,0
DA:31,0
DA:35,0
DA:39,0
DA:41,0
DA:42,0
DA:44,0
DA:46,0
DA:50,0
DA:52,0
DA:54,0
DA:58,0
DA:62,0
DA:63,0
DA:65,0
DA:66,0
DA:67,0
DA:69,0
DA:70,0
LF:20
LH:0
BRDA:39,1,0,0
BRDA:39,1,1,0
BRDA:62,2,0,0
BRDA:62,2,1,0
BRDA:63,3,0,0
BRDA:63,3,1,0
BRF:6
BRH:0
end_of_record
TN:
SF:/home/nikita/WebstormProjects/untitled1/contracts/ERC20Mint.sol
FN:10,constructor
FN:14,mint
FNF:2
FNH:0
FNDA:0,constructor
FNDA:0,mint
DA:11,0
DA:15,0
DA:17,0
DA:18,0
DA:20,0
LF:5
LH:0
BRDA:15,1,0,0
BRDA:15,1,1,0
BRF:2
BRH:0
end_of_record
TN:
SF:/home/nikita/WebstormProjects/untitled1/contracts/ERC20Ownable.sol
FN:9,mint
FNF:1
FNH:0
FNDA:0,mint
DA:10,0
DA:11,0
DA:13,0
LF:3
LH:0
BRF:0
BRH:0
end_of_record
