TN:
SF:/home/nikita/WebstormProjects/untitled1/contracts/ERC20AC.sol
FN:13,constructor
FN:17,promoteMinter
FN:21,remoteMinter
FN:25,mint
FNF:4
FNH:4
FNDA:3,constructor
FNDA:2,promoteMinter
FNDA:1,remoteMinter
FNDA:1,mint
DA:14,3
DA:18,2
DA:22,1
DA:26,1
DA:28,1
DA:30,1
LF:6
LH:6
BRF:0
BRH:0
end_of_record
TN:
SF:/home/nikita/WebstormProjects/untitled1/contracts/ERC20Base.sol
FN:27,constructor
FN:32,totalSupply
FN:36,balanceOf
FN:40,transfer
FN:51,approve
FN:59,allowance
FN:63,transferFrom
FNF:7
FNH:7
FNDA:12,constructor
FNDA:1,totalSupply
FNDA:17,balanceOf
FNDA:3,transfer
FNDA:3,approve
FNDA:1,allowance
FNDA:5,transferFrom
DA:28,12
DA:29,12
DA:33,1
DA:37,17
DA:41,3
DA:43,1
DA:44,1
DA:46,1
DA:48,1
DA:52,3
DA:54,3
DA:56,3
DA:60,1
DA:64,5
DA:65,3
DA:67,1
DA:68,1
DA:69,1
DA:71,1
DA:73,1
LF:20
LH:20
BRDA:41,1,0,1
BRDA:41,1,1,2
BRDA:64,2,0,3
BRDA:64,2,1,2
BRDA:65,3,0,1
BRDA:65,3,1,2
BRF:6
BRH:6
end_of_record
TN:
SF:/home/nikita/WebstormProjects/untitled1/contracts/ERC20Minit.sol
FN:10,constructor
FN:14,mint
FNF:2
FNH:2
FNDA:3,constructor
FNDA:3,mint
DA:11,3
DA:15,3
DA:17,1
DA:18,1
DA:20,1
LF:5
LH:5
BRDA:15,1,0,1
BRDA:15,1,1,2
BRF:2
BRH:2
end_of_record
TN:
SF:/home/nikita/WebstormProjects/untitled1/contracts/ERC20own.sol
FN:9,constructor
FN:12,mint
FNF:2
FNH:2
FNDA:3,constructor
FNDA:1,mint
DA:13,1
DA:14,1
DA:15,1
LF:3
LH:3
BRF:0
BRH:0
end_of_record
