TN:
SF:/home/nikita/WebstormProjects/untitled1/contracts/ERC20AcsessControl.sol
FN:13,constructor
FN:17,promoteMinter
FN:21,remoteMinter
FN:25,mint
FNF:4
FNH:0
FNDA:0,constructor
FNDA:0,promoteMinter
FNDA:0,remoteMinter
FNDA:0,mint
DA:14,0
DA:18,0
DA:22,0
DA:26,0
DA:28,0
DA:30,0
LF:6
LH:0
BRF:0
BRH:0
end_of_record
TN:
SF:/home/nikita/WebstormProjects/untitled1/contracts/ERC20Base.sol
FN:27,constructor
FN:32,totalSupply
FN:36,balanceOf
FN:40,transfer
FN:51,approve
FN:59,allowance
FN:63,transferFrom
FNF:7
FNH:1
FNDA:3,constructor
FNDA:0,totalSupply
FNDA:0,balanceOf
FNDA:0,transfer
FNDA:0,approve
FNDA:0,allowance
FNDA:0,transferFrom
DA:28,3
DA:29,3
DA:33,0
DA:37,0
DA:41,0
DA:43,0
DA:44,0
DA:46,0
DA:48,0
DA:52,0
DA:54,0
DA:56,0
DA:60,0
DA:64,0
DA:65,0
DA:67,0
DA:68,0
DA:69,0
DA:71,0
DA:73,0
LF:20
LH:2
BRDA:41,1,0,0
BRDA:41,1,1,0
BRDA:64,2,0,0
BRDA:64,2,1,0
BRDA:65,3,0,0
BRDA:65,3,1,0
BRF:6
BRH:0
end_of_record
TN:
SF:/home/nikita/WebstormProjects/untitled1/contracts/ERC20Minit.sol
FN:10,constructor
FN:16,mint
FNF:2
FNH:0
FNDA:0,constructor
FNDA:0,mint
DA:11,0
DA:12,0
DA:13,0
DA:17,0
DA:19,0
DA:20,0
DA:22,0
LF:7
LH:0
BRDA:17,1,0,0
BRDA:17,1,1,0
BRF:2
BRH:0
end_of_record
TN:
SF:/home/nikita/WebstormProjects/untitled1/contracts/ERC20Ownable.sol
FN:10,mint
FNF:1
FNH:0
FNDA:0,mint
DA:11,0
DA:12,0
DA:13,0
LF:3
LH:0
BRF:0
BRH:0
end_of_record
